<?xml version="1.0" encoding="UTF-8"?>
<coverage generated="1519749365">
  <project timestamp="1519749365">
    <package name="CoreBundle\Admin">
      <file name="/var/www/contestmanager/src/CoreBundle/Admin/ConfigAdmin.php">
        <class name="ConfigAdmin" namespace="CoreBundle\Admin" fullPackage="CoreBundle" category="Admin" package="CoreBundle">
          <metrics complexity="5" methods="1" coveredmethods="1" conditionals="0" coveredconditionals="0" statements="2" coveredstatements="2" elements="3" coveredelements="3"/>
        </class>
        <line num="74" type="method" name="configureRoutes" visibility="protected" complexity="1" crap="1" count="1"/>
        <line num="76" type="stmt" count="1"/>
        <line num="77" type="stmt" count="1"/>
        <metrics loc="78" ncloc="40" classes="1" methods="1" coveredmethods="1" conditionals="0" coveredconditionals="0" statements="2" coveredstatements="2" elements="3" coveredelements="3"/>
      </file>
      <file name="/var/www/contestmanager/src/CoreBundle/Admin/GroupAdmin.php">
        <class name="GroupAdmin" namespace="CoreBundle\Admin" fullPackage="CoreBundle" category="Admin" package="CoreBundle">
          <metrics complexity="8" methods="5" coveredmethods="5" conditionals="0" coveredconditionals="0" statements="22" coveredstatements="22" elements="27" coveredelements="27"/>
        </class>
        <line num="44" type="method" name="toString" visibility="public" complexity="2" crap="2" count="4"/>
        <line num="46" type="stmt" count="4"/>
        <line num="47" type="stmt" count="4"/>
        <line num="48" type="stmt" count="4"/>
        <line num="54" type="method" name="prePersist" visibility="public" complexity="2" crap="2" count="1"/>
        <line num="56" type="stmt" count="1"/>
        <line num="57" type="stmt" count="1"/>
        <line num="58" type="stmt" count="1"/>
        <line num="61" type="stmt" count="1"/>
        <line num="66" type="method" name="configureFormFields" visibility="protected" complexity="2" crap="2" count="2"/>
        <line num="68" type="stmt" count="2"/>
        <line num="69" type="stmt" count="2"/>
        <line num="72" type="stmt" count="2"/>
        <line num="73" type="stmt" count="2"/>
        <line num="75" type="stmt" count="2"/>
        <line num="77" type="stmt" count="2"/>
        <line num="78" type="stmt" count="2"/>
        <line num="85" type="stmt" count="2"/>
        <line num="90" type="method" name="configureDatagridFilters" visibility="protected" complexity="1" crap="1" count="4"/>
        <line num="93" type="stmt" count="4"/>
        <line num="94" type="stmt" count="4"/>
        <line num="95" type="stmt" count="4"/>
        <line num="96" type="stmt" count="4"/>
        <line num="101" type="method" name="configureListFields" visibility="protected" complexity="1" crap="1" count="4"/>
        <line num="103" type="stmt" count="4"/>
        <line num="104" type="stmt" count="4"/>
        <line num="105" type="stmt" count="4"/>
        <metrics loc="106" ncloc="68" classes="1" methods="5" coveredmethods="5" conditionals="0" coveredconditionals="0" statements="22" coveredstatements="22" elements="27" coveredelements="27"/>
      </file>
      <file name="/var/www/contestmanager/src/CoreBundle/Admin/RoleAdmin.php">
        <class name="RoleAdmin" namespace="CoreBundle\Admin" fullPackage="CoreBundle" category="Admin" package="CoreBundle">
          <metrics complexity="5" methods="4" coveredmethods="0" conditionals="0" coveredconditionals="0" statements="15" coveredstatements="0" elements="19" coveredelements="0"/>
        </class>
        <line num="43" type="method" name="toString" visibility="public" complexity="2" crap="6" count="0"/>
        <line num="44" type="stmt" count="0"/>
        <line num="45" type="stmt" count="0"/>
        <line num="46" type="stmt" count="0"/>
        <line num="47" type="stmt" count="0"/>
        <line num="48" type="stmt" count="0"/>
        <line num="53" type="method" name="configureFormFields" visibility="protected" complexity="1" crap="2" count="0"/>
        <line num="54" type="stmt" count="0"/>
        <line num="55" type="stmt" count="0"/>
        <line num="56" type="stmt" count="0"/>
        <line num="61" type="method" name="configureDatagridFilters" visibility="protected" complexity="1" crap="2" count="0"/>
        <line num="62" type="stmt" count="0"/>
        <line num="63" type="stmt" count="0"/>
        <line num="64" type="stmt" count="0"/>
        <line num="65" type="stmt" count="0"/>
        <line num="70" type="method" name="configureListFields" visibility="protected" complexity="1" crap="2" count="0"/>
        <line num="71" type="stmt" count="0"/>
        <line num="72" type="stmt" count="0"/>
        <line num="73" type="stmt" count="0"/>
        <metrics loc="76" ncloc="42" classes="1" methods="4" coveredmethods="0" conditionals="0" coveredconditionals="0" statements="15" coveredstatements="0" elements="19" coveredelements="0"/>
      </file>
      <file name="/var/www/contestmanager/src/CoreBundle/Admin/SchoolAdmin.php">
        <class name="SchoolAdmin" namespace="CoreBundle\Admin" fullPackage="CoreBundle" category="Admin" package="CoreBundle">
          <metrics complexity="5" methods="4" coveredmethods="4" conditionals="0" coveredconditionals="0" statements="13" coveredstatements="13" elements="17" coveredelements="17"/>
        </class>
        <line num="42" type="method" name="toString" visibility="public" complexity="2" crap="2" count="3"/>
        <line num="44" type="stmt" count="3"/>
        <line num="45" type="stmt" count="3"/>
        <line num="46" type="stmt" count="3"/>
        <line num="52" type="method" name="configureFormFields" visibility="protected" complexity="1" crap="1" count="1"/>
        <line num="54" type="stmt" count="1"/>
        <line num="55" type="stmt" count="1"/>
        <line num="60" type="method" name="configureDatagridFilters" visibility="protected" complexity="1" crap="1" count="4"/>
        <line num="62" type="stmt" count="4"/>
        <line num="63" type="stmt" count="4"/>
        <line num="68" type="method" name="configureListFields" visibility="protected" complexity="1" crap="1" count="4"/>
        <line num="71" type="stmt" count="4"/>
        <line num="72" type="stmt" count="4"/>
        <line num="73" type="stmt" count="4"/>
        <line num="74" type="stmt" count="4"/>
        <line num="76" type="stmt" count="4"/>
        <line num="83" type="stmt" count="4"/>
        <metrics loc="84" ncloc="50" classes="1" methods="4" coveredmethods="4" conditionals="0" coveredconditionals="0" statements="13" coveredstatements="13" elements="17" coveredelements="17"/>
      </file>
      <file name="/var/www/contestmanager/src/CoreBundle/Admin/StudentAdmin.php">
        <class name="StudentAdmin" namespace="CoreBundle\Admin" fullPackage="CoreBundle" category="Admin" package="CoreBundle">
          <metrics complexity="8" methods="6" coveredmethods="5" conditionals="0" coveredconditionals="0" statements="31" coveredstatements="30" elements="37" coveredelements="35"/>
        </class>
        <line num="43" type="method" name="toString" visibility="public" complexity="2" crap="2" count="2"/>
        <line num="45" type="stmt" count="2"/>
        <line num="46" type="stmt" count="2"/>
        <line num="47" type="stmt" count="2"/>
        <line num="53" type="method" name="prePersist" visibility="public" complexity="2" crap="2.02" count="1"/>
        <line num="55" type="stmt" count="1"/>
        <line num="56" type="stmt" count="1"/>
        <line num="58" type="stmt" count="1"/>
        <line num="59" type="stmt" count="1"/>
        <line num="60" type="stmt" count="0"/>
        <line num="61" type="stmt" count="1"/>
        <line num="66" type="method" name="configureFormFields" visibility="protected" complexity="1" crap="1" count="2"/>
        <line num="69" type="stmt" count="2"/>
        <line num="70" type="stmt" count="2"/>
        <line num="72" type="stmt" count="2"/>
        <line num="73" type="stmt" count="2"/>
        <line num="78" type="stmt" count="2"/>
        <line num="79" type="stmt" count="2"/>
        <line num="84" type="stmt" count="2"/>
        <line num="89" type="method" name="configureDatagridFilters" visibility="protected" complexity="1" crap="1" count="2"/>
        <line num="92" type="stmt" count="2"/>
        <line num="93" type="stmt" count="2"/>
        <line num="94" type="stmt" count="2"/>
        <line num="95" type="stmt" count="2"/>
        <line num="97" type="stmt" count="2"/>
        <line num="99" type="stmt" count="2"/>
        <line num="104" type="method" name="configureListFields" visibility="protected" complexity="1" crap="1" count="2"/>
        <line num="106" type="stmt" count="2"/>
        <line num="108" type="stmt" count="2"/>
        <line num="109" type="stmt" count="2"/>
        <line num="110" type="stmt" count="2"/>
        <line num="111" type="stmt" count="2"/>
        <line num="112" type="stmt" count="2"/>
        <line num="114" type="method" name="configureActionButtons" visibility="public" complexity="1" crap="1" count="3"/>
        <line num="116" type="stmt" count="3"/>
        <line num="118" type="stmt" count="3"/>
        <line num="122" type="stmt" count="3"/>
        <metrics loc="123" ncloc="75" classes="1" methods="6" coveredmethods="5" conditionals="0" coveredconditionals="0" statements="31" coveredstatements="30" elements="37" coveredelements="35"/>
      </file>
      <file name="/var/www/contestmanager/src/CoreBundle/Admin/TeamAdmin.php">
        <class name="TeamAdmin" namespace="CoreBundle\Admin" fullPackage="CoreBundle" category="Admin" package="CoreBundle">
          <metrics complexity="5" methods="4" coveredmethods="4" conditionals="0" coveredconditionals="0" statements="13" coveredstatements="13" elements="17" coveredelements="17"/>
        </class>
        <line num="42" type="method" name="toString" visibility="public" complexity="2" crap="2" count="3"/>
        <line num="44" type="stmt" count="3"/>
        <line num="45" type="stmt" count="3"/>
        <line num="46" type="stmt" count="3"/>
        <line num="52" type="method" name="configureFormFields" visibility="protected" complexity="1" crap="1" count="2"/>
        <line num="55" type="stmt" count="2"/>
        <line num="56" type="stmt" count="2"/>
        <line num="57" type="stmt" count="2"/>
        <line num="62" type="stmt" count="2"/>
        <line num="67" type="method" name="configureDatagridFilters" visibility="protected" complexity="1" crap="1" count="3"/>
        <line num="70" type="stmt" count="3"/>
        <line num="71" type="stmt" count="3"/>
        <line num="72" type="stmt" count="3"/>
        <line num="77" type="method" name="configureListFields" visibility="protected" complexity="1" crap="1" count="3"/>
        <line num="79" type="stmt" count="3"/>
        <line num="80" type="stmt" count="3"/>
        <line num="81" type="stmt" count="3"/>
        <metrics loc="82" ncloc="48" classes="1" methods="4" coveredmethods="4" conditionals="0" coveredconditionals="0" statements="13" coveredstatements="13" elements="17" coveredelements="17"/>
      </file>
      <file name="/var/www/contestmanager/src/CoreBundle/Admin/TournamentAdmin.php">
        <class name="TournamentAdmin" namespace="CoreBundle\Admin" fullPackage="CoreBundle" category="Admin" package="CoreBundle">
          <metrics complexity="23" methods="5" coveredmethods="5" conditionals="0" coveredconditionals="0" statements="27" coveredstatements="27" elements="32" coveredelements="32"/>
        </class>
        <line num="52" type="method" name="toString" visibility="public" complexity="2" crap="2" count="1"/>
        <line num="54" type="stmt" count="1"/>
        <line num="55" type="stmt" count="1"/>
        <line num="56" type="stmt" count="1"/>
        <line num="64" type="method" name="configureFormFields" visibility="protected" complexity="2" crap="2" count="2"/>
        <line num="67" type="stmt" count="2"/>
        <line num="68" type="stmt" count="2"/>
        <line num="69" type="stmt" count="2"/>
        <line num="71" type="stmt" count="2"/>
        <line num="72" type="stmt" count="2"/>
        <line num="75" type="stmt" count="2"/>
        <line num="76" type="stmt" count="2"/>
        <line num="78" type="stmt" count="2"/>
        <line num="79" type="stmt" count="2"/>
        <line num="81" type="stmt" count="2"/>
        <line num="82" type="stmt" count="2"/>
        <line num="83" type="stmt" count="2"/>
        <line num="90" type="stmt" count="2"/>
        <line num="92" type="stmt" count="2"/>
        <line num="97" type="method" name="configureDatagridFilters" visibility="protected" complexity="1" crap="1" count="2"/>
        <line num="100" type="stmt" count="2"/>
        <line num="101" type="stmt" count="2"/>
        <line num="102" type="stmt" count="2"/>
        <line num="107" type="method" name="configureListFields" visibility="protected" complexity="1" crap="1" count="2"/>
        <line num="110" type="stmt" count="2"/>
        <line num="111" type="stmt" count="2"/>
        <line num="112" type="stmt" count="2"/>
        <line num="113" type="stmt" count="2"/>
        <line num="240" type="method" name="getRoomNumber" visibility="private" complexity="1" crap="1" count="2"/>
        <line num="242" type="stmt" count="2"/>
        <line num="243" type="stmt" count="2"/>
        <line num="245" type="stmt" count="2"/>
        <metrics loc="246" ncloc="172" classes="1" methods="5" coveredmethods="5" conditionals="0" coveredconditionals="0" statements="27" coveredstatements="27" elements="32" coveredelements="32"/>
      </file>
      <file name="/var/www/contestmanager/src/CoreBundle/Admin/UserAdmin.php">
        <class name="UserAdmin" namespace="CoreBundle\Admin" fullPackage="CoreBundle" category="Admin" package="CoreBundle">
          <metrics complexity="7" methods="6" coveredmethods="6" conditionals="0" coveredconditionals="0" statements="23" coveredstatements="23" elements="29" coveredelements="29"/>
        </class>
        <line num="43" type="method" name="toString" visibility="public" complexity="2" crap="2" count="3"/>
        <line num="45" type="stmt" count="3"/>
        <line num="46" type="stmt" count="3"/>
        <line num="47" type="stmt" count="3"/>
        <line num="53" type="method" name="prePersist" visibility="public" complexity="1" crap="1" count="1"/>
        <line num="54" type="stmt" count="1"/>
        <line num="55" type="stmt" count="1"/>
        <line num="56" type="stmt" count="1"/>
        <line num="61" type="method" name="configureFormFields" visibility="protected" complexity="1" crap="1" count="2"/>
        <line num="64" type="stmt" count="2"/>
        <line num="65" type="stmt" count="2"/>
        <line num="66" type="stmt" count="2"/>
        <line num="67" type="stmt" count="2"/>
        <line num="68" type="stmt" count="2"/>
        <line num="69" type="stmt" count="2"/>
        <line num="70" type="stmt" count="2"/>
        <line num="75" type="stmt" count="2"/>
        <line num="80" type="method" name="configureDatagridFilters" visibility="protected" complexity="1" crap="1" count="3"/>
        <line num="83" type="stmt" count="3"/>
        <line num="84" type="stmt" count="3"/>
        <line num="89" type="method" name="configureListFields" visibility="protected" complexity="1" crap="1" count="3"/>
        <line num="92" type="stmt" count="3"/>
        <line num="93" type="stmt" count="3"/>
        <line num="94" type="stmt" count="3"/>
        <line num="95" type="stmt" count="3"/>
        <line num="97" type="method" name="configureActionButtons" visibility="public" complexity="1" crap="1" count="4"/>
        <line num="99" type="stmt" count="4"/>
        <line num="101" type="stmt" count="4"/>
        <line num="105" type="stmt" count="4"/>
        <metrics loc="106" ncloc="69" classes="1" methods="6" coveredmethods="6" conditionals="0" coveredconditionals="0" statements="23" coveredstatements="23" elements="29" coveredelements="29"/>
      </file>
      <file name="/var/www/contestmanager/src/CoreBundle/Admin/VersusAdmin.php">
        <class name="VersusAdmin" namespace="CoreBundle\Admin" fullPackage="CoreBundle" category="Admin" package="CoreBundle">
          <metrics complexity="5" methods="4" coveredmethods="4" conditionals="0" coveredconditionals="0" statements="17" coveredstatements="17" elements="21" coveredelements="21"/>
        </class>
        <line num="45" type="method" name="toString" visibility="public" complexity="1" crap="1" count="2"/>
        <line num="47" type="stmt" count="2"/>
        <line num="73" type="method" name="configureFormFields" visibility="protected" complexity="1" crap="1" count="2"/>
        <line num="76" type="stmt" count="2"/>
        <line num="77" type="stmt" count="2"/>
        <line num="79" type="stmt" count="2"/>
        <line num="80" type="stmt" count="2"/>
        <line num="81" type="stmt" count="2"/>
        <line num="87" type="stmt" count="2"/>
        <line num="88" type="stmt" count="2"/>
        <line num="94" type="stmt" count="2"/>
        <line num="99" type="method" name="configureDatagridFilters" visibility="protected" complexity="1" crap="1" count="3"/>
        <line num="102" type="stmt" count="3"/>
        <line num="103" type="stmt" count="3"/>
        <line num="108" type="method" name="configureListFields" visibility="protected" complexity="1" crap="1" count="3"/>
        <line num="110" type="stmt" count="3"/>
        <line num="111" type="stmt" count="3"/>
        <line num="112" type="stmt" count="3"/>
        <line num="113" type="stmt" count="3"/>
        <line num="114" type="stmt" count="3"/>
        <line num="118" type="stmt" count="3"/>
        <metrics loc="119" ncloc="82" classes="1" methods="4" coveredmethods="4" conditionals="0" coveredconditionals="0" statements="17" coveredstatements="17" elements="21" coveredelements="21"/>
      </file>
    </package>
    <package name="CoreBundle\Block">
      <file name="/var/www/contestmanager/src/CoreBundle/Block/TournamentBlock.php">
        <class name="TournamentBlock" namespace="CoreBundle\Block" fullPackage="CoreBundle" category="Block" package="CoreBundle">
          <metrics complexity="2" methods="2" coveredmethods="2" conditionals="0" coveredconditionals="0" statements="8" coveredstatements="8" elements="10" coveredelements="10"/>
        </class>
        <line num="44" type="method" name="__construct" visibility="public" complexity="1" crap="1" count="1"/>
        <line num="46" type="stmt" count="1"/>
        <line num="47" type="stmt" count="1"/>
        <line num="48" type="stmt" count="1"/>
        <line num="50" type="stmt" count="1"/>
        <line num="51" type="stmt" count="1"/>
        <line num="61" type="method" name="execute" visibility="public" complexity="1" crap="1" count="1"/>
        <line num="64" type="stmt" count="1"/>
        <line num="65" type="stmt" count="1"/>
        <line num="67" type="stmt" count="1"/>
        <metrics loc="69" ncloc="33" classes="1" methods="2" coveredmethods="2" conditionals="0" coveredconditionals="0" statements="8" coveredstatements="8" elements="10" coveredelements="10"/>
      </file>
    </package>
    <package name="CoreBundle\Controller">
      <file name="/var/www/contestmanager/src/CoreBundle/Controller/DefaultController.php">
        <class name="DefaultController" namespace="CoreBundle\Controller" fullPackage="CoreBundle" category="Controller" package="CoreBundle">
          <metrics complexity="16" methods="0" coveredmethods="0" conditionals="0" coveredconditionals="0" statements="0" coveredstatements="0" elements="0" coveredelements="0"/>
        </class>
        <metrics loc="153" ncloc="103" classes="1" methods="0" coveredmethods="0" conditionals="0" coveredconditionals="0" statements="0" coveredstatements="0" elements="0" coveredelements="0"/>
      </file>
      <file name="/var/www/contestmanager/src/CoreBundle/Controller/TournamentController.php">
        <class name="TournamentController" namespace="CoreBundle\Controller" fullPackage="CoreBundle" category="Controller" package="CoreBundle">
          <metrics complexity="12" methods="0" coveredmethods="0" conditionals="0" coveredconditionals="0" statements="0" coveredstatements="0" elements="0" coveredelements="0"/>
        </class>
        <metrics loc="133" ncloc="93" classes="1" methods="0" coveredmethods="0" conditionals="0" coveredconditionals="0" statements="0" coveredstatements="0" elements="0" coveredelements="0"/>
      </file>
    </package>
    <package name="CoreBundle">
      <file name="/var/www/contestmanager/src/CoreBundle/CoreBundle.php">
        <class name="CoreBundle" namespace="CoreBundle">
          <metrics complexity="0" methods="0" coveredmethods="0" conditionals="0" coveredconditionals="0" statements="0" coveredstatements="0" elements="0" coveredelements="0"/>
        </class>
        <metrics loc="9" ncloc="9" classes="1" methods="0" coveredmethods="0" conditionals="0" coveredconditionals="0" statements="0" coveredstatements="0" elements="0" coveredelements="0"/>
      </file>
    </package>
    <package name="CoreBundle\DataFixtures\ORM">
      <file name="/var/www/contestmanager/src/CoreBundle/DataFixtures/ORM/LoadConfigData.php">
        <class name="LoadConfigData" namespace="CoreBundle\DataFixtures\ORM" fullPackage="CoreBundle" category="Fixture" package="CoreBundle">
          <metrics complexity="1" methods="1" coveredmethods="1" conditionals="0" coveredconditionals="0" statements="6" coveredstatements="6" elements="7" coveredelements="7"/>
        </class>
        <line num="38" type="method" name="load" visibility="public" complexity="1" crap="1" count="28"/>
        <line num="40" type="stmt" count="28"/>
        <line num="41" type="stmt" count="28"/>
        <line num="42" type="stmt" count="28"/>
        <line num="44" type="stmt" count="28"/>
        <line num="45" type="stmt" count="28"/>
        <line num="46" type="stmt" count="28"/>
        <metrics loc="47" ncloc="20" classes="1" methods="1" coveredmethods="1" conditionals="0" coveredconditionals="0" statements="6" coveredstatements="6" elements="7" coveredelements="7"/>
      </file>
      <file name="/var/www/contestmanager/src/CoreBundle/DataFixtures/ORM/LoadGroupData.php">
        <class name="LoadGroupData" namespace="CoreBundle\DataFixtures\ORM" fullPackage="CoreBundle" category="Fixture" package="CoreBundle">
          <metrics complexity="4" methods="2" coveredmethods="2" conditionals="0" coveredconditionals="0" statements="16" coveredstatements="16" elements="18" coveredelements="18"/>
        </class>
        <line num="43" type="method" name="load" visibility="public" complexity="3" crap="3" count="28"/>
        <line num="45" type="stmt" count="28"/>
        <line num="46" type="stmt" count="28"/>
        <line num="48" type="stmt" count="28"/>
        <line num="49" type="stmt" count="28"/>
        <line num="50" type="stmt" count="28"/>
        <line num="51" type="stmt" count="28"/>
        <line num="52" type="stmt" count="28"/>
        <line num="53" type="stmt" count="28"/>
        <line num="54" type="stmt" count="28"/>
        <line num="56" type="stmt" count="28"/>
        <line num="57" type="stmt" count="28"/>
        <line num="59" type="stmt" count="28"/>
        <line num="60" type="stmt" count="28"/>
        <line num="63" type="stmt" count="28"/>
        <line num="64" type="stmt" count="28"/>
        <line num="69" type="method" name="getOrder" visibility="public" complexity="1" crap="1" count="28"/>
        <line num="71" type="stmt" count="28"/>
        <metrics loc="73" ncloc="43" classes="1" methods="2" coveredmethods="2" conditionals="0" coveredconditionals="0" statements="16" coveredstatements="16" elements="18" coveredelements="18"/>
      </file>
      <file name="/var/www/contestmanager/src/CoreBundle/DataFixtures/ORM/LoadMatchData.php">
        <class name="LoadMatchData" namespace="CoreBundle\DataFixtures\ORM" fullPackage="CoreBundle" category="Fixture" package="CoreBundle">
          <metrics complexity="3" methods="2" coveredmethods="2" conditionals="0" coveredconditionals="0" statements="10" coveredstatements="10" elements="12" coveredelements="12"/>
        </class>
        <line num="46" type="method" name="load" visibility="public" complexity="2" crap="2" count="28"/>
        <line num="48" type="stmt" count="28"/>
        <line num="49" type="stmt" count="28"/>
        <line num="50" type="stmt" count="28"/>
        <line num="51" type="stmt" count="28"/>
        <line num="52" type="stmt" count="28"/>
        <line num="54" type="stmt" count="28"/>
        <line num="55" type="stmt" count="28"/>
        <line num="58" type="stmt" count="28"/>
        <line num="59" type="stmt" count="28"/>
        <line num="64" type="method" name="getOrder" visibility="public" complexity="1" crap="1" count="28"/>
        <line num="66" type="stmt" count="28"/>
        <metrics loc="68" ncloc="38" classes="1" methods="2" coveredmethods="2" conditionals="0" coveredconditionals="0" statements="10" coveredstatements="10" elements="12" coveredelements="12"/>
      </file>
      <file name="/var/www/contestmanager/src/CoreBundle/DataFixtures/ORM/LoadRoleData.php">
        <class name="LoadRoleData" namespace="CoreBundle\DataFixtures\ORM" fullPackage="CoreBundle" category="Fixture" package="CoreBundle">
          <metrics complexity="3" methods="2" coveredmethods="2" conditionals="0" coveredconditionals="0" statements="11" coveredstatements="11" elements="13" coveredelements="13"/>
        </class>
        <line num="38" type="method" name="load" visibility="public" complexity="2" crap="2" count="28"/>
        <line num="40" type="stmt" count="28"/>
        <line num="41" type="stmt" count="28"/>
        <line num="43" type="stmt" count="28"/>
        <line num="44" type="stmt" count="28"/>
        <line num="45" type="stmt" count="28"/>
        <line num="46" type="stmt" count="28"/>
        <line num="48" type="stmt" count="28"/>
        <line num="49" type="stmt" count="28"/>
        <line num="52" type="stmt" count="28"/>
        <line num="53" type="stmt" count="28"/>
        <line num="58" type="method" name="getOrder" visibility="public" complexity="1" crap="1" count="28"/>
        <line num="60" type="stmt" count="28"/>
        <metrics loc="61" ncloc="31" classes="1" methods="2" coveredmethods="2" conditionals="0" coveredconditionals="0" statements="11" coveredstatements="11" elements="13" coveredelements="13"/>
      </file>
      <file name="/var/www/contestmanager/src/CoreBundle/DataFixtures/ORM/LoadSchoolData.php">
        <class name="LoadSchoolData" namespace="CoreBundle\DataFixtures\ORM" fullPackage="CoreBundle" category="Fixture" package="CoreBundle">
          <metrics complexity="3" methods="2" coveredmethods="2" conditionals="0" coveredconditionals="0" statements="11" coveredstatements="11" elements="13" coveredelements="13"/>
        </class>
        <line num="40" type="method" name="load" visibility="public" complexity="2" crap="2" count="28"/>
        <line num="42" type="stmt" count="28"/>
        <line num="43" type="stmt" count="28"/>
        <line num="45" type="stmt" count="28"/>
        <line num="46" type="stmt" count="28"/>
        <line num="47" type="stmt" count="28"/>
        <line num="48" type="stmt" count="28"/>
        <line num="50" type="stmt" count="28"/>
        <line num="51" type="stmt" count="28"/>
        <line num="53" type="stmt" count="28"/>
        <line num="54" type="stmt" count="28"/>
        <line num="59" type="method" name="getOrder" visibility="public" complexity="1" crap="1" count="28"/>
        <line num="61" type="stmt" count="28"/>
        <metrics loc="63" ncloc="33" classes="1" methods="2" coveredmethods="2" conditionals="0" coveredconditionals="0" statements="11" coveredstatements="11" elements="13" coveredelements="13"/>
      </file>
      <file name="/var/www/contestmanager/src/CoreBundle/DataFixtures/ORM/LoadStudentData.php">
        <class name="LoadStudentData" namespace="CoreBundle\DataFixtures\ORM" fullPackage="CoreBundle" category="Fixture" package="CoreBundle">
          <metrics complexity="5" methods="2" coveredmethods="2" conditionals="0" coveredconditionals="0" statements="24" coveredstatements="24" elements="26" coveredelements="26"/>
        </class>
        <line num="43" type="method" name="load" visibility="public" complexity="4" crap="4" count="28"/>
        <line num="45" type="stmt" count="28"/>
        <line num="46" type="stmt" count="28"/>
        <line num="48" type="stmt" count="28"/>
        <line num="49" type="stmt" count="28"/>
        <line num="50" type="stmt" count="28"/>
        <line num="51" type="stmt" count="28"/>
        <line num="52" type="stmt" count="28"/>
        <line num="53" type="stmt" count="28"/>
        <line num="54" type="stmt" count="28"/>
        <line num="55" type="stmt" count="28"/>
        <line num="58" type="stmt" count="28"/>
        <line num="59" type="stmt" count="28"/>
        <line num="60" type="stmt" count="28"/>
        <line num="61" type="stmt" count="28"/>
        <line num="62" type="stmt" count="28"/>
        <line num="64" type="stmt" count="28"/>
        <line num="65" type="stmt" count="28"/>
        <line num="67" type="stmt" count="28"/>
        <line num="68" type="stmt" count="28"/>
        <line num="70" type="stmt" count="28"/>
        <line num="71" type="stmt" count="28"/>
        <line num="74" type="stmt" count="28"/>
        <line num="75" type="stmt" count="28"/>
        <line num="80" type="method" name="getOrder" visibility="public" complexity="1" crap="1" count="28"/>
        <line num="82" type="stmt" count="28"/>
        <metrics loc="84" ncloc="51" classes="1" methods="2" coveredmethods="2" conditionals="0" coveredconditionals="0" statements="24" coveredstatements="24" elements="26" coveredelements="26"/>
      </file>
      <file name="/var/www/contestmanager/src/CoreBundle/DataFixtures/ORM/LoadTeamData.php">
        <class name="LoadTeamData" namespace="CoreBundle\DataFixtures\ORM" fullPackage="CoreBundle" category="Fixture" package="CoreBundle">
          <metrics complexity="4" methods="2" coveredmethods="2" conditionals="0" coveredconditionals="0" statements="15" coveredstatements="15" elements="17" coveredelements="17"/>
        </class>
        <line num="40" type="method" name="load" visibility="public" complexity="3" crap="3" count="28"/>
        <line num="42" type="stmt" count="28"/>
        <line num="43" type="stmt" count="28"/>
        <line num="45" type="stmt" count="28"/>
        <line num="46" type="stmt" count="28"/>
        <line num="47" type="stmt" count="28"/>
        <line num="48" type="stmt" count="28"/>
        <line num="49" type="stmt" count="28"/>
        <line num="50" type="stmt" count="28"/>
        <line num="52" type="stmt" count="28"/>
        <line num="53" type="stmt" count="28"/>
        <line num="55" type="stmt" count="28"/>
        <line num="56" type="stmt" count="28"/>
        <line num="59" type="stmt" count="28"/>
        <line num="60" type="stmt" count="28"/>
        <line num="65" type="method" name="getOrder" visibility="public" complexity="1" crap="1" count="28"/>
        <line num="67" type="stmt" count="28"/>
        <metrics loc="69" ncloc="39" classes="1" methods="2" coveredmethods="2" conditionals="0" coveredconditionals="0" statements="15" coveredstatements="15" elements="17" coveredelements="17"/>
      </file>
      <file name="/var/www/contestmanager/src/CoreBundle/DataFixtures/ORM/LoadTournamentData.php">
        <class name="LoadTournamentData" namespace="CoreBundle\DataFixtures\ORM" fullPackage="CoreBundle" category="Fixture" package="CoreBundle">
          <metrics complexity="2" methods="2" coveredmethods="2" conditionals="0" coveredconditionals="0" statements="9" coveredstatements="9" elements="11" coveredelements="11"/>
        </class>
        <line num="45" type="method" name="load" visibility="public" complexity="1" crap="1" count="28"/>
        <line num="47" type="stmt" count="28"/>
        <line num="48" type="stmt" count="28"/>
        <line num="49" type="stmt" count="28"/>
        <line num="50" type="stmt" count="28"/>
        <line num="52" type="stmt" count="28"/>
        <line num="53" type="stmt" count="28"/>
        <line num="54" type="stmt" count="28"/>
        <line num="55" type="stmt" count="28"/>
        <line num="60" type="method" name="getOrder" visibility="public" complexity="1" crap="1" count="28"/>
        <line num="62" type="stmt" count="28"/>
        <metrics loc="64" ncloc="34" classes="1" methods="2" coveredmethods="2" conditionals="0" coveredconditionals="0" statements="9" coveredstatements="9" elements="11" coveredelements="11"/>
      </file>
      <file name="/var/www/contestmanager/src/CoreBundle/DataFixtures/ORM/LoadUserData.php">
        <class name="LoadUserData" namespace="CoreBundle\DataFixtures\ORM" fullPackage="CoreBundle" category="Fixture" package="CoreBundle">
          <metrics complexity="5" methods="5" coveredmethods="5" conditionals="0" coveredconditionals="0" statements="43" coveredstatements="43" elements="48" coveredelements="48"/>
        </class>
        <line num="45" type="method" name="load" visibility="public" complexity="1" crap="1" count="28"/>
        <line num="47" type="stmt" count="28"/>
        <line num="48" type="stmt" count="28"/>
        <line num="50" type="stmt" count="28"/>
        <line num="51" type="stmt" count="28"/>
        <line num="56" type="method" name="getOrder" visibility="public" complexity="1" crap="1" count="28"/>
        <line num="58" type="stmt" count="28"/>
        <line num="66" type="method" name="setContainer" visibility="public" complexity="1" crap="1" count="28"/>
        <line num="68" type="stmt" count="28"/>
        <line num="69" type="stmt" count="28"/>
        <line num="76" type="method" name="setAdmin" visibility="private" complexity="1" crap="1" count="28"/>
        <line num="79" type="stmt" count="28"/>
        <line num="80" type="stmt" count="28"/>
        <line num="81" type="stmt" count="28"/>
        <line num="82" type="stmt" count="28"/>
        <line num="83" type="stmt" count="28"/>
        <line num="84" type="stmt" count="28"/>
        <line num="85" type="stmt" count="28"/>
        <line num="86" type="stmt" count="28"/>
        <line num="87" type="stmt" count="28"/>
        <line num="88" type="stmt" count="28"/>
        <line num="90" type="stmt" count="28"/>
        <line num="98" type="method" name="setTeacher" visibility="private" complexity="1" crap="1" count="28"/>
        <line num="101" type="stmt" count="28"/>
        <line num="102" type="stmt" count="28"/>
        <line num="103" type="stmt" count="28"/>
        <line num="104" type="stmt" count="28"/>
        <line num="105" type="stmt" count="28"/>
        <line num="106" type="stmt" count="28"/>
        <line num="107" type="stmt" count="28"/>
        <line num="108" type="stmt" count="28"/>
        <line num="109" type="stmt" count="28"/>
        <line num="110" type="stmt" count="28"/>
        <line num="111" type="stmt" count="28"/>
        <line num="112" type="stmt" count="28"/>
        <line num="114" type="stmt" count="28"/>
        <line num="115" type="stmt" count="28"/>
        <line num="116" type="stmt" count="28"/>
        <line num="117" type="stmt" count="28"/>
        <line num="118" type="stmt" count="28"/>
        <line num="119" type="stmt" count="28"/>
        <line num="120" type="stmt" count="28"/>
        <line num="121" type="stmt" count="28"/>
        <line num="122" type="stmt" count="28"/>
        <line num="123" type="stmt" count="28"/>
        <line num="124" type="stmt" count="28"/>
        <line num="125" type="stmt" count="28"/>
        <line num="127" type="stmt" count="28"/>
        <metrics loc="128" ncloc="78" classes="1" methods="5" coveredmethods="5" conditionals="0" coveredconditionals="0" statements="43" coveredstatements="43" elements="48" coveredelements="48"/>
      </file>
    </package>
    <package name="CoreBundle\DependencyInjection">
      <file name="/var/www/contestmanager/src/CoreBundle/DependencyInjection/Configuration.php">
        <class name="Configuration" namespace="CoreBundle\DependencyInjection">
          <metrics complexity="1" methods="1" coveredmethods="0" conditionals="0" coveredconditionals="0" statements="4" coveredstatements="0" elements="5" coveredelements="0"/>
        </class>
        <line num="18" type="method" name="getConfigTreeBuilder" visibility="public" complexity="1" crap="2" count="0"/>
        <line num="19" type="stmt" count="0"/>
        <line num="20" type="stmt" count="0"/>
        <line num="26" type="stmt" count="0"/>
        <line num="27" type="stmt" count="0"/>
        <metrics loc="28" ncloc="14" classes="1" methods="1" coveredmethods="0" conditionals="0" coveredconditionals="0" statements="4" coveredstatements="0" elements="5" coveredelements="0"/>
      </file>
      <file name="/var/www/contestmanager/src/CoreBundle/DependencyInjection/CoreExtension.php">
        <class name="CoreExtension" namespace="CoreBundle\DependencyInjection">
          <metrics complexity="1" methods="1" coveredmethods="0" conditionals="0" coveredconditionals="0" statements="4" coveredstatements="0" elements="5" coveredelements="0"/>
        </class>
        <line num="20" type="method" name="load" visibility="public" complexity="1" crap="2" count="0"/>
        <line num="21" type="stmt" count="0"/>
        <line num="22" type="stmt" count="0"/>
        <line num="23" type="stmt" count="0"/>
        <line num="24" type="stmt" count="0"/>
        <metrics loc="25" ncloc="17" classes="1" methods="1" coveredmethods="0" conditionals="0" coveredconditionals="0" statements="4" coveredstatements="0" elements="5" coveredelements="0"/>
      </file>
    </package>
    <package name="CoreBundle\Entity">
      <file name="/var/www/contestmanager/src/CoreBundle/Entity/Config.php">
        <class name="Config" namespace="CoreBundle\Entity">
          <metrics complexity="5" methods="5" coveredmethods="3" conditionals="0" coveredconditionals="0" statements="7" coveredstatements="5" elements="12" coveredelements="8"/>
        </class>
        <line num="45" type="method" name="getId" visibility="public" complexity="1" crap="2" count="0"/>
        <line num="47" type="stmt" count="0"/>
        <line num="57" type="method" name="setRoomNumber" visibility="public" complexity="1" crap="1" count="28"/>
        <line num="59" type="stmt" count="28"/>
        <line num="61" type="stmt" count="28"/>
        <line num="69" type="method" name="getRoomNumber" visibility="public" complexity="1" crap="1" count="2"/>
        <line num="71" type="stmt" count="2"/>
        <line num="82" type="method" name="setName" visibility="public" complexity="1" crap="1" count="28"/>
        <line num="84" type="stmt" count="28"/>
        <line num="86" type="stmt" count="28"/>
        <line num="94" type="method" name="getName" visibility="public" complexity="1" crap="2" count="0"/>
        <line num="96" type="stmt" count="0"/>
        <metrics loc="99" ncloc="45" classes="1" methods="5" coveredmethods="3" conditionals="0" coveredconditionals="0" statements="7" coveredstatements="5" elements="12" coveredelements="8"/>
      </file>
      <file name="/var/www/contestmanager/src/CoreBundle/Entity/Role.php">
        <class name="Role" namespace="CoreBundle\Entity">
          <metrics complexity="4" methods="4" coveredmethods="2" conditionals="0" coveredconditionals="0" statements="5" coveredstatements="3" elements="9" coveredelements="5"/>
        </class>
        <line num="36" type="method" name="getName" visibility="public" complexity="1" crap="2" count="0"/>
        <line num="38" type="stmt" count="0"/>
        <line num="44" type="method" name="setName" visibility="public" complexity="1" crap="1" count="28"/>
        <line num="46" type="stmt" count="28"/>
        <line num="47" type="stmt" count="28"/>
        <line num="55" type="method" name="getId" visibility="public" complexity="1" crap="2" count="0"/>
        <line num="57" type="stmt" count="0"/>
        <line num="63" type="method" name="__toString" visibility="public" complexity="1" crap="1" count="3"/>
        <line num="65" type="stmt" count="3"/>
        <metrics loc="68" ncloc="34" classes="1" methods="4" coveredmethods="2" conditionals="0" coveredconditionals="0" statements="5" coveredstatements="3" elements="9" coveredelements="5"/>
      </file>
    </package>
    <package name="MatchBundle\Controller">
      <file name="/var/www/contestmanager/src/MatchBundle/Controller/RestController.php">
        <class name="RestController" namespace="MatchBundle\Controller">
          <metrics complexity="27" methods="0" coveredmethods="0" conditionals="0" coveredconditionals="0" statements="0" coveredstatements="0" elements="0" coveredelements="0"/>
        </class>
        <metrics loc="294" ncloc="154" classes="1" methods="0" coveredmethods="0" conditionals="0" coveredconditionals="0" statements="0" coveredstatements="0" elements="0" coveredelements="0"/>
      </file>
    </package>
    <package name="MatchBundle\DependencyInjection">
      <file name="/var/www/contestmanager/src/MatchBundle/DependencyInjection/Configuration.php">
        <class name="Configuration" namespace="MatchBundle\DependencyInjection">
          <metrics complexity="1" methods="1" coveredmethods="0" conditionals="0" coveredconditionals="0" statements="4" coveredstatements="0" elements="5" coveredelements="0"/>
        </class>
        <line num="18" type="method" name="getConfigTreeBuilder" visibility="public" complexity="1" crap="2" count="0"/>
        <line num="19" type="stmt" count="0"/>
        <line num="20" type="stmt" count="0"/>
        <line num="26" type="stmt" count="0"/>
        <line num="27" type="stmt" count="0"/>
        <metrics loc="28" ncloc="14" classes="1" methods="1" coveredmethods="0" conditionals="0" coveredconditionals="0" statements="4" coveredstatements="0" elements="5" coveredelements="0"/>
      </file>
      <file name="/var/www/contestmanager/src/MatchBundle/DependencyInjection/MatchExtension.php">
        <class name="MatchExtension" namespace="MatchBundle\DependencyInjection">
          <metrics complexity="1" methods="1" coveredmethods="0" conditionals="0" coveredconditionals="0" statements="4" coveredstatements="0" elements="5" coveredelements="0"/>
        </class>
        <line num="20" type="method" name="load" visibility="public" complexity="1" crap="2" count="0"/>
        <line num="21" type="stmt" count="0"/>
        <line num="22" type="stmt" count="0"/>
        <line num="23" type="stmt" count="0"/>
        <line num="24" type="stmt" count="0"/>
        <metrics loc="25" ncloc="17" classes="1" methods="1" coveredmethods="0" conditionals="0" coveredconditionals="0" statements="4" coveredstatements="0" elements="5" coveredelements="0"/>
      </file>
    </package>
    <package name="MatchBundle\Entity">
      <file name="/var/www/contestmanager/src/MatchBundle/Entity/GroupMatch.php">
        <class name="GroupMatch" namespace="MatchBundle\Entity">
          <metrics complexity="13" methods="9" coveredmethods="9" conditionals="0" coveredconditionals="0" statements="13" coveredstatements="13" elements="22" coveredelements="22"/>
        </class>
        <line num="65" type="method" name="getLevel" visibility="public" complexity="1" crap="1" count="2"/>
        <line num="67" type="stmt" count="2"/>
        <line num="73" type="method" name="setLevel" visibility="public" complexity="1" crap="1" count="28"/>
        <line num="75" type="stmt" count="28"/>
        <line num="76" type="stmt" count="28"/>
        <line num="82" type="method" name="__toString" visibility="public" complexity="1" crap="1" count="6"/>
        <line num="84" type="stmt" count="6"/>
        <line num="92" type="method" name="getId" visibility="public" complexity="1" crap="1" count="4"/>
        <line num="94" type="stmt" count="4"/>
        <line num="104" type="method" name="setName" visibility="public" complexity="1" crap="1" count="28"/>
        <line num="106" type="stmt" count="28"/>
        <line num="108" type="stmt" count="28"/>
        <line num="116" type="method" name="getName" visibility="public" complexity="1" crap="1" count="5"/>
        <line num="118" type="stmt" count="5"/>
        <line num="124" type="method" name="__construct" visibility="public" complexity="1" crap="1" count="28"/>
        <line num="126" type="stmt" count="28"/>
        <line num="127" type="stmt" count="28"/>
        <line num="170" type="method" name="setTeacher" visibility="public" complexity="1" crap="1" count="28"/>
        <line num="172" type="stmt" count="28"/>
        <line num="174" type="stmt" count="28"/>
        <line num="182" type="method" name="getTeacher" visibility="public" complexity="1" crap="1" count="28"/>
        <line num="184" type="stmt" count="28"/>
        <metrics loc="192" ncloc="94" classes="1" methods="9" coveredmethods="9" conditionals="0" coveredconditionals="0" statements="13" coveredstatements="13" elements="22" coveredelements="22"/>
      </file>
      <file name="/var/www/contestmanager/src/MatchBundle/Entity/Score.php">
        <class name="Score" namespace="MatchBundle\Entity">
          <metrics complexity="7" methods="7" coveredmethods="0" conditionals="0" coveredconditionals="0" statements="10" coveredstatements="0" elements="17" coveredelements="0"/>
        </class>
        <line num="56" type="method" name="getId" visibility="public" complexity="1" crap="2" count="0"/>
        <line num="58" type="stmt" count="0"/>
        <line num="68" type="method" name="setTeam" visibility="public" complexity="1" crap="2" count="0"/>
        <line num="70" type="stmt" count="0"/>
        <line num="72" type="stmt" count="0"/>
        <line num="80" type="method" name="getTeam" visibility="public" complexity="1" crap="2" count="0"/>
        <line num="82" type="stmt" count="0"/>
        <line num="92" type="method" name="setVersus" visibility="public" complexity="1" crap="2" count="0"/>
        <line num="94" type="stmt" count="0"/>
        <line num="96" type="stmt" count="0"/>
        <line num="104" type="method" name="getVersus" visibility="public" complexity="1" crap="2" count="0"/>
        <line num="106" type="stmt" count="0"/>
        <line num="116" type="method" name="setScore" visibility="public" complexity="1" crap="2" count="0"/>
        <line num="118" type="stmt" count="0"/>
        <line num="120" type="stmt" count="0"/>
        <line num="128" type="method" name="getScore" visibility="public" complexity="1" crap="2" count="0"/>
        <line num="130" type="stmt" count="0"/>
        <metrics loc="132" ncloc="60" classes="1" methods="7" coveredmethods="0" conditionals="0" coveredconditionals="0" statements="10" coveredstatements="0" elements="17" coveredelements="0"/>
      </file>
      <file name="/var/www/contestmanager/src/MatchBundle/Entity/ScoreRepository.php">
        <class name="ScoreRepository" namespace="MatchBundle\Entity">
          <metrics complexity="0" methods="0" coveredmethods="0" conditionals="0" coveredconditionals="0" statements="0" coveredstatements="0" elements="0" coveredelements="0"/>
        </class>
        <metrics loc="13" ncloc="7" classes="1" methods="0" coveredmethods="0" conditionals="0" coveredconditionals="0" statements="0" coveredstatements="0" elements="0" coveredelements="0"/>
      </file>
      <file name="/var/www/contestmanager/src/MatchBundle/Entity/Tournament.php">
        <class name="Tournament" namespace="MatchBundle\Entity">
          <metrics complexity="11" methods="11" coveredmethods="8" conditionals="0" coveredconditionals="0" statements="18" coveredstatements="12" elements="29" coveredelements="20"/>
        </class>
        <line num="58" type="method" name="getId" visibility="public" complexity="1" crap="1" count="1"/>
        <line num="60" type="stmt" count="1"/>
        <line num="70" type="method" name="setDate" visibility="public" complexity="1" crap="1" count="28"/>
        <line num="72" type="stmt" count="28"/>
        <line num="74" type="stmt" count="28"/>
        <line num="82" type="method" name="getDate" visibility="public" complexity="1" crap="1" count="3"/>
        <line num="84" type="stmt" count="3"/>
        <line num="94" type="method" name="setHalfDay" visibility="public" complexity="1" crap="1" count="28"/>
        <line num="96" type="stmt" count="28"/>
        <line num="98" type="stmt" count="28"/>
        <line num="106" type="method" name="getHalfDay" visibility="public" complexity="1" crap="1" count="3"/>
        <line num="108" type="stmt" count="3"/>
        <line num="113" type="method" name="__construct" visibility="public" complexity="1" crap="1" count="28"/>
        <line num="115" type="stmt" count="28"/>
        <line num="116" type="stmt" count="28"/>
        <line num="125" type="method" name="setName" visibility="public" complexity="1" crap="1" count="28"/>
        <line num="127" type="stmt" count="28"/>
        <line num="129" type="stmt" count="28"/>
        <line num="137" type="method" name="getName" visibility="public" complexity="1" crap="1" count="4"/>
        <line num="139" type="stmt" count="4"/>
        <line num="149" type="method" name="addMatch" visibility="public" complexity="1" crap="2" count="0"/>
        <line num="151" type="stmt" count="0"/>
        <line num="152" type="stmt" count="0"/>
        <line num="154" type="stmt" count="0"/>
        <line num="162" type="method" name="removeMatch" visibility="public" complexity="1" crap="2" count="0"/>
        <line num="164" type="stmt" count="0"/>
        <line num="165" type="stmt" count="0"/>
        <line num="172" type="method" name="getMatch" visibility="public" complexity="1" crap="2" count="0"/>
        <line num="174" type="stmt" count="0"/>
        <metrics loc="176" ncloc="82" classes="1" methods="11" coveredmethods="8" conditionals="0" coveredconditionals="0" statements="18" coveredstatements="12" elements="29" coveredelements="20"/>
      </file>
      <file name="/var/www/contestmanager/src/MatchBundle/Entity/Versus.php">
        <class name="Versus" namespace="MatchBundle\Entity">
          <metrics complexity="18" methods="18" coveredmethods="9" conditionals="0" coveredconditionals="0" statements="28" coveredstatements="13" elements="46" coveredelements="22"/>
        </class>
        <line num="96" type="method" name="getId" visibility="public" complexity="1" crap="1" count="3"/>
        <line num="98" type="stmt" count="3"/>
        <line num="108" type="method" name="setDateMatch" visibility="public" complexity="1" crap="1" count="28"/>
        <line num="110" type="stmt" count="28"/>
        <line num="112" type="stmt" count="28"/>
        <line num="120" type="method" name="getDateMatch" visibility="public" complexity="1" crap="1" count="4"/>
        <line num="122" type="stmt" count="4"/>
        <line num="132" type="method" name="setTableNumber" visibility="public" complexity="1" crap="1" count="28"/>
        <line num="134" type="stmt" count="28"/>
        <line num="136" type="stmt" count="28"/>
        <line num="144" type="method" name="getTableNumber" visibility="public" complexity="1" crap="1" count="4"/>
        <line num="146" type="stmt" count="4"/>
        <line num="156" type="method" name="setStep" visibility="public" complexity="1" crap="2" count="0"/>
        <line num="158" type="stmt" count="0"/>
        <line num="160" type="stmt" count="0"/>
        <line num="168" type="method" name="getStep" visibility="public" complexity="1" crap="2" count="0"/>
        <line num="170" type="stmt" count="0"/>
        <line num="176" type="method" name="__construct" visibility="public" complexity="1" crap="1" count="28"/>
        <line num="178" type="stmt" count="28"/>
        <line num="179" type="stmt" count="28"/>
        <line num="188" type="method" name="addScore" visibility="public" complexity="1" crap="2" count="0"/>
        <line num="190" type="stmt" count="0"/>
        <line num="191" type="stmt" count="0"/>
        <line num="193" type="stmt" count="0"/>
        <line num="201" type="method" name="removeScore" visibility="public" complexity="1" crap="2" count="0"/>
        <line num="203" type="stmt" count="0"/>
        <line num="204" type="stmt" count="0"/>
        <line num="211" type="method" name="getScore" visibility="public" complexity="1" crap="1" count="3"/>
        <line num="213" type="stmt" count="3"/>
        <line num="223" type="method" name="setFinished" visibility="public" complexity="1" crap="2" count="0"/>
        <line num="225" type="stmt" count="0"/>
        <line num="227" type="stmt" count="0"/>
        <line num="235" type="method" name="isFinished" visibility="public" complexity="1" crap="2" count="0"/>
        <line num="237" type="stmt" count="0"/>
        <line num="245" type="method" name="getFinished" visibility="public" complexity="1" crap="1" count="3"/>
        <line num="247" type="stmt" count="3"/>
        <line num="257" type="method" name="setTournament" visibility="public" complexity="1" crap="1" count="28"/>
        <line num="259" type="stmt" count="28"/>
        <line num="261" type="stmt" count="28"/>
        <line num="269" type="method" name="getTournament" visibility="public" complexity="1" crap="2" count="0"/>
        <line num="271" type="stmt" count="0"/>
        <line num="281" type="method" name="setFinalGroup" visibility="public" complexity="1" crap="2" count="0"/>
        <line num="283" type="stmt" count="0"/>
        <line num="285" type="stmt" count="0"/>
        <line num="293" type="method" name="getFinalGroup" visibility="public" complexity="1" crap="2" count="0"/>
        <line num="295" type="stmt" count="0"/>
        <metrics loc="297" ncloc="132" classes="1" methods="18" coveredmethods="9" conditionals="0" coveredconditionals="0" statements="28" coveredstatements="13" elements="46" coveredelements="22"/>
      </file>
      <file name="/var/www/contestmanager/src/MatchBundle/Entity/VersusRepository.php">
        <class name="VersusRepository" namespace="MatchBundle\Entity">
          <metrics complexity="0" methods="0" coveredmethods="0" conditionals="0" coveredconditionals="0" statements="0" coveredstatements="0" elements="0" coveredelements="0"/>
        </class>
        <metrics loc="13" ncloc="7" classes="1" methods="0" coveredmethods="0" conditionals="0" coveredconditionals="0" statements="0" coveredstatements="0" elements="0" coveredelements="0"/>
      </file>
    </package>
    <package name="MatchBundle\Form">
      <file name="/var/www/contestmanager/src/MatchBundle/Form/TournamentType.php">
        <class name="TournamentType" namespace="MatchBundle\Form" fullPackage="MatchBundle" category="Block" package="MatchBundle">
          <metrics complexity="3" methods="3" coveredmethods="3" conditionals="0" coveredconditionals="0" statements="9" coveredstatements="9" elements="12" coveredelements="12"/>
        </class>
        <line num="36" type="method" name="buildForm" visibility="public" complexity="1" crap="1" count="1"/>
        <line num="39" type="stmt" count="1"/>
        <line num="40" type="stmt" count="1"/>
        <line num="45" type="stmt" count="1"/>
        <line num="46" type="stmt" count="1"/>
        <line num="51" type="stmt" count="1"/>
        <line num="56" type="method" name="setDefaultOptions" visibility="public" complexity="1" crap="1" count="1"/>
        <line num="58" type="stmt" count="1"/>
        <line num="59" type="stmt" count="1"/>
        <line num="61" type="stmt" count="1"/>
        <line num="66" type="method" name="getName" visibility="public" complexity="1" crap="1" count="1"/>
        <line num="68" type="stmt" count="1"/>
        <metrics loc="70" ncloc="40" classes="1" methods="3" coveredmethods="3" conditionals="0" coveredconditionals="0" statements="9" coveredstatements="9" elements="12" coveredelements="12"/>
      </file>
    </package>
    <package name="MatchBundle\Helper">
      <file name="/var/www/contestmanager/src/MatchBundle/Helper/TournamentManager.php">
        <class name="TournamentManager" namespace="MatchBundle\Helper" fullPackage="MatchBundle" category="Controller" package="MatchBundle">
          <metrics complexity="11" methods="3" coveredmethods="0" conditionals="0" coveredconditionals="0" statements="45" coveredstatements="0" elements="48" coveredelements="0"/>
        </class>
        <line num="38" type="method" name="getTournamentGroup" visibility="public" complexity="4" crap="20" count="0"/>
        <line num="39" type="stmt" count="0"/>
        <line num="40" type="stmt" count="0"/>
        <line num="41" type="stmt" count="0"/>
        <line num="43" type="stmt" count="0"/>
        <line num="45" type="stmt" count="0"/>
        <line num="46" type="stmt" count="0"/>
        <line num="47" type="stmt" count="0"/>
        <line num="48" type="stmt" count="0"/>
        <line num="49" type="stmt" count="0"/>
        <line num="50" type="stmt" count="0"/>
        <line num="51" type="stmt" count="0"/>
        <line num="52" type="stmt" count="0"/>
        <line num="53" type="stmt" count="0"/>
        <line num="55" type="stmt" count="0"/>
        <line num="56" type="stmt" count="0"/>
        <line num="64" type="method" name="getBestTeams" visibility="public" complexity="6" crap="42" count="0"/>
        <line num="65" type="stmt" count="0"/>
        <line num="66" type="stmt" count="0"/>
        <line num="67" type="stmt" count="0"/>
        <line num="68" type="stmt" count="0"/>
        <line num="70" type="stmt" count="0"/>
        <line num="71" type="stmt" count="0"/>
        <line num="72" type="stmt" count="0"/>
        <line num="74" type="stmt" count="0"/>
        <line num="75" type="stmt" count="0"/>
        <line num="76" type="stmt" count="0"/>
        <line num="77" type="stmt" count="0"/>
        <line num="78" type="stmt" count="0"/>
        <line num="79" type="stmt" count="0"/>
        <line num="80" type="stmt" count="0"/>
        <line num="81" type="stmt" count="0"/>
        <line num="82" type="stmt" count="0"/>
        <line num="83" type="stmt" count="0"/>
        <line num="85" type="stmt" count="0"/>
        <line num="86" type="stmt" count="0"/>
        <line num="87" type="stmt" count="0"/>
        <line num="88" type="stmt" count="0"/>
        <line num="89" type="stmt" count="0"/>
        <line num="90" type="stmt" count="0"/>
        <line num="91" type="stmt" count="0"/>
        <line num="93" type="stmt" count="0"/>
        <line num="94" type="stmt" count="0"/>
        <line num="102" type="method" name="formatDate" visibility="public" complexity="1" crap="2" count="0"/>
        <line num="103" type="stmt" count="0"/>
        <line num="104" type="stmt" count="0"/>
        <line num="106" type="stmt" count="0"/>
        <line num="107" type="stmt" count="0"/>
        <metrics loc="108" ncloc="67" classes="1" methods="3" coveredmethods="0" conditionals="0" coveredconditionals="0" statements="45" coveredstatements="0" elements="48" coveredelements="0"/>
      </file>
    </package>
    <package name="MatchBundle">
      <file name="/var/www/contestmanager/src/MatchBundle/MatchBundle.php">
        <class name="MatchBundle" namespace="MatchBundle">
          <metrics complexity="0" methods="0" coveredmethods="0" conditionals="0" coveredconditionals="0" statements="0" coveredstatements="0" elements="0" coveredelements="0"/>
        </class>
        <metrics loc="9" ncloc="9" classes="1" methods="0" coveredmethods="0" conditionals="0" coveredconditionals="0" statements="0" coveredstatements="0" elements="0" coveredelements="0"/>
      </file>
    </package>
    <package name="SchoolBundle\Controller">
      <file name="/var/www/contestmanager/src/SchoolBundle/Controller/RestController.php">
        <class name="RestController" namespace="SchoolBundle\Controller">
          <metrics complexity="3" methods="0" coveredmethods="0" conditionals="0" coveredconditionals="0" statements="0" coveredstatements="0" elements="0" coveredelements="0"/>
        </class>
        <metrics loc="62" ncloc="35" classes="1" methods="0" coveredmethods="0" conditionals="0" coveredconditionals="0" statements="0" coveredstatements="0" elements="0" coveredelements="0"/>
      </file>
    </package>
    <package name="SchoolBundle\DependencyInjection">
      <file name="/var/www/contestmanager/src/SchoolBundle/DependencyInjection/Configuration.php">
        <class name="Configuration" namespace="SchoolBundle\DependencyInjection">
          <metrics complexity="1" methods="1" coveredmethods="0" conditionals="0" coveredconditionals="0" statements="4" coveredstatements="0" elements="5" coveredelements="0"/>
        </class>
        <line num="18" type="method" name="getConfigTreeBuilder" visibility="public" complexity="1" crap="2" count="0"/>
        <line num="19" type="stmt" count="0"/>
        <line num="20" type="stmt" count="0"/>
        <line num="26" type="stmt" count="0"/>
        <line num="27" type="stmt" count="0"/>
        <metrics loc="28" ncloc="14" classes="1" methods="1" coveredmethods="0" conditionals="0" coveredconditionals="0" statements="4" coveredstatements="0" elements="5" coveredelements="0"/>
      </file>
      <file name="/var/www/contestmanager/src/SchoolBundle/DependencyInjection/SchoolExtension.php">
        <class name="SchoolExtension" namespace="SchoolBundle\DependencyInjection">
          <metrics complexity="1" methods="1" coveredmethods="0" conditionals="0" coveredconditionals="0" statements="4" coveredstatements="0" elements="5" coveredelements="0"/>
        </class>
        <line num="20" type="method" name="load" visibility="public" complexity="1" crap="2" count="0"/>
        <line num="21" type="stmt" count="0"/>
        <line num="22" type="stmt" count="0"/>
        <line num="23" type="stmt" count="0"/>
        <line num="24" type="stmt" count="0"/>
        <metrics loc="25" ncloc="17" classes="1" methods="1" coveredmethods="0" conditionals="0" coveredconditionals="0" statements="4" coveredstatements="0" elements="5" coveredelements="0"/>
      </file>
    </package>
    <package name="SchoolBundle\Entity">
      <file name="/var/www/contestmanager/src/SchoolBundle/Entity/School.php">
        <class name="School" namespace="SchoolBundle\Entity">
          <metrics complexity="13" methods="13" coveredmethods="5" conditionals="0" coveredconditionals="0" statements="22" coveredstatements="8" elements="35" coveredelements="13"/>
        </class>
        <line num="48" type="method" name="__toString" visibility="public" complexity="1" crap="1" count="4"/>
        <line num="50" type="stmt" count="4"/>
        <line num="56" type="method" name="__construct" visibility="public" complexity="1" crap="1" count="28"/>
        <line num="58" type="stmt" count="28"/>
        <line num="59" type="stmt" count="28"/>
        <line num="60" type="stmt" count="28"/>
        <line num="67" type="method" name="getId" visibility="public" complexity="1" crap="1" count="4"/>
        <line num="69" type="stmt" count="4"/>
        <line num="79" type="method" name="setName" visibility="public" complexity="1" crap="1" count="28"/>
        <line num="81" type="stmt" count="28"/>
        <line num="83" type="stmt" count="28"/>
        <line num="91" type="method" name="getName" visibility="public" complexity="1" crap="1" count="4"/>
        <line num="93" type="stmt" count="4"/>
        <line num="104" type="method" name="addStudent" visibility="public" complexity="1" crap="2" count="0"/>
        <line num="106" type="stmt" count="0"/>
        <line num="108" type="stmt" count="0"/>
        <line num="116" type="method" name="removeStudent" visibility="public" complexity="1" crap="2" count="0"/>
        <line num="118" type="stmt" count="0"/>
        <line num="119" type="stmt" count="0"/>
        <line num="126" type="method" name="getStudent" visibility="public" complexity="1" crap="2" count="0"/>
        <line num="128" type="stmt" count="0"/>
        <line num="138" type="method" name="addTeacher" visibility="public" complexity="1" crap="2" count="0"/>
        <line num="140" type="stmt" count="0"/>
        <line num="142" type="stmt" count="0"/>
        <line num="150" type="method" name="removeTeacher" visibility="public" complexity="1" crap="2" count="0"/>
        <line num="152" type="stmt" count="0"/>
        <line num="153" type="stmt" count="0"/>
        <line num="160" type="method" name="getTeacher" visibility="public" complexity="1" crap="2" count="0"/>
        <line num="162" type="stmt" count="0"/>
        <line num="172" type="method" name="setStudent" visibility="public" complexity="1" crap="2" count="0"/>
        <line num="174" type="stmt" count="0"/>
        <line num="176" type="stmt" count="0"/>
        <line num="186" type="method" name="setTeacher" visibility="public" complexity="1" crap="2" count="0"/>
        <line num="188" type="stmt" count="0"/>
        <line num="190" type="stmt" count="0"/>
        <metrics loc="192" ncloc="95" classes="1" methods="13" coveredmethods="5" conditionals="0" coveredconditionals="0" statements="22" coveredstatements="8" elements="35" coveredelements="13"/>
      </file>
      <file name="/var/www/contestmanager/src/SchoolBundle/Entity/SchoolRepository.php">
        <class name="SchoolRepository" namespace="SchoolBundle\Entity">
          <metrics complexity="0" methods="0" coveredmethods="0" conditionals="0" coveredconditionals="0" statements="0" coveredstatements="0" elements="0" coveredelements="0"/>
        </class>
        <metrics loc="13" ncloc="7" classes="1" methods="0" coveredmethods="0" conditionals="0" coveredconditionals="0" statements="0" coveredstatements="0" elements="0" coveredelements="0"/>
      </file>
      <file name="/var/www/contestmanager/src/SchoolBundle/Entity/Student.php">
        <class name="Student" namespace="SchoolBundle\Entity">
          <metrics complexity="12" methods="12" coveredmethods="11" conditionals="0" coveredconditionals="0" statements="17" coveredstatements="16" elements="29" coveredelements="27"/>
        </class>
        <line num="68" type="method" name="__toString" visibility="public" complexity="1" crap="2" count="0"/>
        <line num="70" type="stmt" count="0"/>
        <line num="78" type="method" name="getId" visibility="public" complexity="1" crap="1" count="2"/>
        <line num="80" type="stmt" count="2"/>
        <line num="90" type="method" name="setFirstName" visibility="public" complexity="1" crap="1" count="28"/>
        <line num="92" type="stmt" count="28"/>
        <line num="94" type="stmt" count="28"/>
        <line num="102" type="method" name="getFirstName" visibility="public" complexity="1" crap="1" count="3"/>
        <line num="104" type="stmt" count="3"/>
        <line num="114" type="method" name="setLastName" visibility="public" complexity="1" crap="1" count="28"/>
        <line num="116" type="stmt" count="28"/>
        <line num="118" type="stmt" count="28"/>
        <line num="126" type="method" name="getLastName" visibility="public" complexity="1" crap="1" count="3"/>
        <line num="128" type="stmt" count="3"/>
        <line num="154" type="method" name="setTeam" visibility="public" complexity="1" crap="1" count="28"/>
        <line num="156" type="stmt" count="28"/>
        <line num="158" type="stmt" count="28"/>
        <line num="166" type="method" name="getTeam" visibility="public" complexity="1" crap="1" count="3"/>
        <line num="168" type="stmt" count="3"/>
        <line num="178" type="method" name="setSchool" visibility="public" complexity="1" crap="1" count="28"/>
        <line num="180" type="stmt" count="28"/>
        <line num="182" type="stmt" count="28"/>
        <line num="190" type="method" name="getSchool" visibility="public" complexity="1" crap="1" count="2"/>
        <line num="192" type="stmt" count="2"/>
        <line num="202" type="method" name="setRole" visibility="public" complexity="1" crap="1" count="28"/>
        <line num="204" type="stmt" count="28"/>
        <line num="206" type="stmt" count="28"/>
        <line num="214" type="method" name="getRole" visibility="public" complexity="1" crap="1" count="3"/>
        <line num="216" type="stmt" count="3"/>
        <metrics loc="218" ncloc="86" classes="1" methods="12" coveredmethods="11" conditionals="0" coveredconditionals="0" statements="17" coveredstatements="16" elements="29" coveredelements="27"/>
      </file>
    </package>
    <package name="SchoolBundle">
      <file name="/var/www/contestmanager/src/SchoolBundle/SchoolBundle.php">
        <class name="SchoolBundle" namespace="SchoolBundle">
          <metrics complexity="0" methods="0" coveredmethods="0" conditionals="0" coveredconditionals="0" statements="0" coveredstatements="0" elements="0" coveredelements="0"/>
        </class>
        <metrics loc="9" ncloc="9" classes="1" methods="0" coveredmethods="0" conditionals="0" coveredconditionals="0" statements="0" coveredstatements="0" elements="0" coveredelements="0"/>
      </file>
    </package>
    <package name="TeamBundle\Controller">
      <file name="/var/www/contestmanager/src/TeamBundle/Controller/RestController.php">
        <class name="RestController" namespace="TeamBundle\Controller">
          <metrics complexity="2" methods="0" coveredmethods="0" conditionals="0" coveredconditionals="0" statements="0" coveredstatements="0" elements="0" coveredelements="0"/>
        </class>
        <metrics loc="52" ncloc="32" classes="1" methods="0" coveredmethods="0" conditionals="0" coveredconditionals="0" statements="0" coveredstatements="0" elements="0" coveredelements="0"/>
      </file>
    </package>
    <package name="TeamBundle\DependencyInjection">
      <file name="/var/www/contestmanager/src/TeamBundle/DependencyInjection/Configuration.php">
        <class name="Configuration" namespace="TeamBundle\DependencyInjection">
          <metrics complexity="1" methods="1" coveredmethods="0" conditionals="0" coveredconditionals="0" statements="4" coveredstatements="0" elements="5" coveredelements="0"/>
        </class>
        <line num="18" type="method" name="getConfigTreeBuilder" visibility="public" complexity="1" crap="2" count="0"/>
        <line num="19" type="stmt" count="0"/>
        <line num="20" type="stmt" count="0"/>
        <line num="26" type="stmt" count="0"/>
        <line num="27" type="stmt" count="0"/>
        <metrics loc="28" ncloc="14" classes="1" methods="1" coveredmethods="0" conditionals="0" coveredconditionals="0" statements="4" coveredstatements="0" elements="5" coveredelements="0"/>
      </file>
      <file name="/var/www/contestmanager/src/TeamBundle/DependencyInjection/TeamExtension.php">
        <class name="TeamExtension" namespace="TeamBundle\DependencyInjection">
          <metrics complexity="1" methods="1" coveredmethods="0" conditionals="0" coveredconditionals="0" statements="4" coveredstatements="0" elements="5" coveredelements="0"/>
        </class>
        <line num="20" type="method" name="load" visibility="public" complexity="1" crap="2" count="0"/>
        <line num="21" type="stmt" count="0"/>
        <line num="22" type="stmt" count="0"/>
        <line num="23" type="stmt" count="0"/>
        <line num="24" type="stmt" count="0"/>
        <metrics loc="25" ncloc="17" classes="1" methods="1" coveredmethods="0" conditionals="0" coveredconditionals="0" statements="4" coveredstatements="0" elements="5" coveredelements="0"/>
      </file>
    </package>
    <package name="TeamBundle\Entity">
      <file name="/var/www/contestmanager/src/TeamBundle/Entity/Team.php">
        <class name="Team" namespace="TeamBundle\Entity">
          <metrics complexity="16" methods="16" coveredmethods="7" conditionals="0" coveredconditionals="0" statements="25" coveredstatements="10" elements="41" coveredelements="17"/>
        </class>
        <line num="72" type="method" name="getId" visibility="public" complexity="1" crap="1" count="3"/>
        <line num="74" type="stmt" count="3"/>
        <line num="80" type="method" name="__toString" visibility="public" complexity="1" crap="1" count="5"/>
        <line num="82" type="stmt" count="5"/>
        <line num="92" type="method" name="setName" visibility="public" complexity="1" crap="1" count="28"/>
        <line num="94" type="stmt" count="28"/>
        <line num="96" type="stmt" count="28"/>
        <line num="104" type="method" name="getName" visibility="public" complexity="1" crap="1" count="4"/>
        <line num="106" type="stmt" count="4"/>
        <line num="112" type="method" name="__construct" visibility="public" complexity="1" crap="1" count="28"/>
        <line num="114" type="stmt" count="28"/>
        <line num="115" type="stmt" count="28"/>
        <line num="124" type="method" name="setScore" visibility="public" complexity="1" crap="2" count="0"/>
        <line num="126" type="stmt" count="0"/>
        <line num="128" type="stmt" count="0"/>
        <line num="136" type="method" name="getScore" visibility="public" complexity="1" crap="2" count="0"/>
        <line num="138" type="stmt" count="0"/>
        <line num="148" type="method" name="addStudent" visibility="public" complexity="1" crap="2" count="0"/>
        <line num="150" type="stmt" count="0"/>
        <line num="152" type="stmt" count="0"/>
        <line num="160" type="method" name="removeStudent" visibility="public" complexity="1" crap="2" count="0"/>
        <line num="162" type="stmt" count="0"/>
        <line num="163" type="stmt" count="0"/>
        <line num="170" type="method" name="getStudent" visibility="public" complexity="1" crap="2" count="0"/>
        <line num="172" type="stmt" count="0"/>
        <line num="182" type="method" name="setGroup" visibility="public" complexity="1" crap="1" count="28"/>
        <line num="184" type="stmt" count="28"/>
        <line num="186" type="stmt" count="28"/>
        <line num="194" type="method" name="getGroup" visibility="public" complexity="1" crap="1" count="28"/>
        <line num="196" type="stmt" count="28"/>
        <line num="206" type="method" name="addScore" visibility="public" complexity="1" crap="2" count="0"/>
        <line num="208" type="stmt" count="0"/>
        <line num="210" type="stmt" count="0"/>
        <line num="218" type="method" name="removeScore" visibility="public" complexity="1" crap="2" count="0"/>
        <line num="220" type="stmt" count="0"/>
        <line num="221" type="stmt" count="0"/>
        <line num="230" type="method" name="setBestScore" visibility="public" complexity="1" crap="2" count="0"/>
        <line num="232" type="stmt" count="0"/>
        <line num="234" type="stmt" count="0"/>
        <line num="242" type="method" name="getBestScore" visibility="public" complexity="1" crap="2" count="0"/>
        <line num="244" type="stmt" count="0"/>
        <metrics loc="246" ncloc="115" classes="1" methods="16" coveredmethods="7" conditionals="0" coveredconditionals="0" statements="25" coveredstatements="10" elements="41" coveredelements="17"/>
      </file>
      <file name="/var/www/contestmanager/src/TeamBundle/Entity/TeamRepository.php">
        <class name="TeamRepository" namespace="TeamBundle\Entity">
          <metrics complexity="0" methods="0" coveredmethods="0" conditionals="0" coveredconditionals="0" statements="0" coveredstatements="0" elements="0" coveredelements="0"/>
        </class>
        <metrics loc="13" ncloc="7" classes="1" methods="0" coveredmethods="0" conditionals="0" coveredconditionals="0" statements="0" coveredstatements="0" elements="0" coveredelements="0"/>
      </file>
    </package>
    <package name="TeamBundle">
      <file name="/var/www/contestmanager/src/TeamBundle/TeamBundle.php">
        <class name="TeamBundle" namespace="TeamBundle">
          <metrics complexity="0" methods="0" coveredmethods="0" conditionals="0" coveredconditionals="0" statements="0" coveredstatements="0" elements="0" coveredelements="0"/>
        </class>
        <metrics loc="9" ncloc="9" classes="1" methods="0" coveredmethods="0" conditionals="0" coveredconditionals="0" statements="0" coveredstatements="0" elements="0" coveredelements="0"/>
      </file>
    </package>
    <package name="UserBundle\Controller">
      <file name="/var/www/contestmanager/src/UserBundle/Controller/RestController.php">
        <class name="RestController" namespace="UserBundle\Controller">
          <metrics complexity="6" methods="3" coveredmethods="0" conditionals="0" coveredconditionals="0" statements="15" coveredstatements="0" elements="18" coveredelements="0"/>
        </class>
        <line num="28" type="method" name="getUsersAction" visibility="public" complexity="1" crap="2" count="0"/>
        <line num="30" type="stmt" count="0"/>
        <line num="31" type="stmt" count="0"/>
        <line num="33" type="stmt" count="0"/>
        <line num="51" type="method" name="loginAction" visibility="public" complexity="3" crap="12" count="0"/>
        <line num="52" type="stmt" count="0"/>
        <line num="53" type="stmt" count="0"/>
        <line num="55" type="stmt" count="0"/>
        <line num="56" type="stmt" count="0"/>
        <line num="57" type="stmt" count="0"/>
        <line num="58" type="stmt" count="0"/>
        <line num="61" type="stmt" count="0"/>
        <line num="82" type="method" name="getUserAction" visibility="public" complexity="2" crap="6" count="0"/>
        <line num="84" type="stmt" count="0"/>
        <line num="85" type="stmt" count="0"/>
        <line num="86" type="stmt" count="0"/>
        <line num="87" type="stmt" count="0"/>
        <line num="89" type="stmt" count="0"/>
        <metrics loc="91" ncloc="49" classes="1" methods="3" coveredmethods="0" conditionals="0" coveredconditionals="0" statements="15" coveredstatements="0" elements="18" coveredelements="0"/>
      </file>
    </package>
    <package name="UserBundle\DependencyInjection">
      <file name="/var/www/contestmanager/src/UserBundle/DependencyInjection/Configuration.php">
        <class name="Configuration" namespace="UserBundle\DependencyInjection">
          <metrics complexity="1" methods="1" coveredmethods="0" conditionals="0" coveredconditionals="0" statements="4" coveredstatements="0" elements="5" coveredelements="0"/>
        </class>
        <line num="18" type="method" name="getConfigTreeBuilder" visibility="public" complexity="1" crap="2" count="0"/>
        <line num="19" type="stmt" count="0"/>
        <line num="20" type="stmt" count="0"/>
        <line num="26" type="stmt" count="0"/>
        <line num="27" type="stmt" count="0"/>
        <metrics loc="27" ncloc="13" classes="1" methods="1" coveredmethods="0" conditionals="0" coveredconditionals="0" statements="4" coveredstatements="0" elements="5" coveredelements="0"/>
      </file>
      <file name="/var/www/contestmanager/src/UserBundle/DependencyInjection/UserExtension.php">
        <class name="UserExtension" namespace="UserBundle\DependencyInjection">
          <metrics complexity="1" methods="1" coveredmethods="0" conditionals="0" coveredconditionals="0" statements="4" coveredstatements="0" elements="5" coveredelements="0"/>
        </class>
        <line num="20" type="method" name="load" visibility="public" complexity="1" crap="2" count="0"/>
        <line num="21" type="stmt" count="0"/>
        <line num="22" type="stmt" count="0"/>
        <line num="23" type="stmt" count="0"/>
        <line num="24" type="stmt" count="0"/>
        <metrics loc="25" ncloc="17" classes="1" methods="1" coveredmethods="0" conditionals="0" coveredconditionals="0" statements="4" coveredstatements="0" elements="5" coveredelements="0"/>
      </file>
    </package>
    <package name="UserBundle\Entity">
      <file name="/var/www/contestmanager/src/UserBundle/Entity/User.php">
        <class name="User" namespace="UserBundle\Entity">
          <metrics complexity="9" methods="9" coveredmethods="7" conditionals="0" coveredconditionals="0" statements="16" coveredstatements="13" elements="25" coveredelements="20"/>
        </class>
        <line num="64" type="method" name="__construct" visibility="public" complexity="1" crap="1" count="28"/>
        <line num="66" type="stmt" count="28"/>
        <line num="67" type="stmt" count="28"/>
        <line num="68" type="stmt" count="28"/>
        <line num="69" type="stmt" count="28"/>
        <line num="78" type="method" name="setFirstName" visibility="public" complexity="1" crap="1" count="28"/>
        <line num="80" type="stmt" count="28"/>
        <line num="82" type="stmt" count="28"/>
        <line num="90" type="method" name="getFirstName" visibility="public" complexity="1" crap="1" count="4"/>
        <line num="92" type="stmt" count="4"/>
        <line num="102" type="method" name="setLastName" visibility="public" complexity="1" crap="1" count="28"/>
        <line num="104" type="stmt" count="28"/>
        <line num="106" type="stmt" count="28"/>
        <line num="114" type="method" name="getLastName" visibility="public" complexity="1" crap="1" count="4"/>
        <line num="116" type="stmt" count="4"/>
        <line num="126" type="method" name="setSchool" visibility="public" complexity="1" crap="1" count="28"/>
        <line num="128" type="stmt" count="28"/>
        <line num="130" type="stmt" count="28"/>
        <line num="138" type="method" name="getSchool" visibility="public" complexity="1" crap="1" count="28"/>
        <line num="140" type="stmt" count="28"/>
        <line num="150" type="method" name="setTeam" visibility="public" complexity="1" crap="2" count="0"/>
        <line num="152" type="stmt" count="0"/>
        <line num="154" type="stmt" count="0"/>
        <line num="162" type="method" name="getGroup" visibility="public" complexity="1" crap="2" count="0"/>
        <line num="164" type="stmt" count="0"/>
        <metrics loc="166" ncloc="78" classes="1" methods="9" coveredmethods="7" conditionals="0" coveredconditionals="0" statements="16" coveredstatements="13" elements="25" coveredelements="20"/>
      </file>
      <file name="/var/www/contestmanager/src/UserBundle/Entity/UserRepository.php">
        <class name="UserRepository" namespace="UserBundle\Entity">
          <metrics complexity="0" methods="0" coveredmethods="0" conditionals="0" coveredconditionals="0" statements="0" coveredstatements="0" elements="0" coveredelements="0"/>
        </class>
        <metrics loc="13" ncloc="7" classes="1" methods="0" coveredmethods="0" conditionals="0" coveredconditionals="0" statements="0" coveredstatements="0" elements="0" coveredelements="0"/>
      </file>
    </package>
    <package name="UserBundle">
      <file name="/var/www/contestmanager/src/UserBundle/UserBundle.php">
        <class name="UserBundle" namespace="UserBundle">
          <metrics complexity="0" methods="0" coveredmethods="0" conditionals="0" coveredconditionals="0" statements="0" coveredstatements="0" elements="0" coveredelements="0"/>
        </class>
        <metrics loc="9" ncloc="9" classes="1" methods="0" coveredmethods="0" conditionals="0" coveredconditionals="0" statements="0" coveredstatements="0" elements="0" coveredelements="0"/>
      </file>
    </package>
    <metrics files="57" loc="4869" ncloc="2674" classes="57" methods="184" coveredmethods="120" conditionals="0" coveredconditionals="0" statements="586" coveredstatements="402" elements="770" coveredelements="522"/>
  </project>
</coverage>
